C:\COCOS2D-X\DEBUG.WIN32\EPSAMPLECODE.WIN32.EXE
C:\cocos2d-x\Debug.win32\EPSampleCode.win32.exp
C:\COCOS2D-X\DEBUG.WIN32\EPSAMPLECODE.WIN32.ILK
C:\cocos2d-x\Debug.win32\EPSampleCode.win32.lib
C:\COCOS2D-X\DEBUG.WIN32\EPSAMPLECODE.WIN32.PDB
C:\COCOS2D-X\EPSAMPLECOD\DEBUG.WIN32\APPDELEGATE.OBJ
C:\COCOS2D-X\EPSAMPLECOD\DEBUG.WIN32\BASE64.OBJ
C:\COCOS2D-X\EPSAMPLECOD\DEBUG.WIN32\CJSON.OBJ
C:\cocos2d-x\EPSampleCod\Debug.win32\cl.command.1.tlog
C:\cocos2d-x\EPSampleCod\Debug.win32\CL.read.1.tlog
C:\cocos2d-x\EPSampleCod\Debug.win32\CL.write.1.tlog
C:\COCOS2D-X\EPSAMPLECOD\DEBUG.WIN32\CMD5.OBJ
C:\COCOS2D-X\EPSAMPLECOD\DEBUG.WIN32\EASYZLIB.OBJ
C:\COCOS2D-X\EPSAMPLECOD\DEBUG.WIN32\EPGESTURERECOGNIZERLAYER.OBJ
C:\COCOS2D-X\EPSAMPLECOD\DEBUG.WIN32\EPNOTIFICATIONCENTER.OBJ
C:\COCOS2D-X\EPSAMPLECOD\DEBUG.WIN32\EPNUMBERKEYPADLAYER.OBJ
C:\COCOS2D-X\EPSAMPLECOD\DEBUG.WIN32\EPRESOURCEMANAGER.OBJ
C:\COCOS2D-X\EPSAMPLECOD\DEBUG.WIN32\EPSAMPLECOD.RES
C:\COCOS2D-X\EPSAMPLECOD\DEBUG.WIN32\EPSAMPLECODE.WIN32.EXE.EMBED.MANIFEST
C:\COCOS2D-X\EPSAMPLECOD\DEBUG.WIN32\EPSAMPLECODE.WIN32.EXE.EMBED.MANIFEST.RES
C:\COCOS2D-X\EPSAMPLECOD\DEBUG.WIN32\EPSAMPLECODE.WIN32.EXE.INTERMEDIATE.MANIFEST
C:\cocos2d-x\EPSampleCod\Debug.win32\EPSampleCode.win32.write.1.tlog
C:\cocos2d-x\EPSampleCod\Debug.win32\EPSampleCode.win32_manifest.rc
C:\COCOS2D-X\EPSAMPLECOD\DEBUG.WIN32\EPSCROLLLISTLAYER.OBJ
C:\COCOS2D-X\EPSAMPLECOD\DEBUG.WIN32\EPSPRITEBUTTON.OBJ
C:\COCOS2D-X\EPSAMPLECOD\DEBUG.WIN32\EPTEXTFIELD.OBJ
C:\COCOS2D-X\EPSAMPLECOD\DEBUG.WIN32\GESTURERECOGNIZER.OBJ
C:\COCOS2D-X\EPSAMPLECOD\DEBUG.WIN32\HELLOWORLDSCENE.OBJ
C:\cocos2d-x\EPSampleCod\Debug.win32\link.2600.read.1.tlog
C:\cocos2d-x\EPSampleCod\Debug.win32\link.2600.write.1.tlog
C:\cocos2d-x\EPSampleCod\Debug.win32\link.2600-cvtres.read.1.tlog
C:\cocos2d-x\EPSampleCod\Debug.win32\link.2600-cvtres.write.1.tlog
C:\cocos2d-x\EPSampleCod\Debug.win32\link.command.1.tlog
C:\cocos2d-x\EPSampleCod\Debug.win32\link.read.1.tlog
C:\cocos2d-x\EPSampleCod\Debug.win32\link.write.1.tlog
C:\cocos2d-x\EPSampleCod\Debug.win32\link-cvtres.read.1.tlog
C:\cocos2d-x\EPSampleCod\Debug.win32\link-cvtres.write.1.tlog
C:\COCOS2D-X\EPSAMPLECOD\DEBUG.WIN32\LONGPRESSGESTURERECOGNIZER.OBJ
C:\COCOS2D-X\EPSAMPLECOD\DEBUG.WIN32\MAIN.OBJ
C:\cocos2d-x\EPSampleCod\Debug.win32\mt.command.1.tlog
C:\cocos2d-x\EPSampleCod\Debug.win32\mt.read.1.tlog
C:\cocos2d-x\EPSampleCod\Debug.win32\mt.write.1.tlog
C:\COCOS2D-X\EPSAMPLECOD\DEBUG.WIN32\PANGESTURERECOGNIZER.OBJ
C:\COCOS2D-X\EPSAMPLECOD\DEBUG.WIN32\PINCHGESTURERECOGNIZER.OBJ
C:\cocos2d-x\EPSampleCod\Debug.win32\rc.command.1.tlog
C:\cocos2d-x\EPSampleCod\Debug.win32\rc.read.1.tlog
C:\cocos2d-x\EPSampleCod\Debug.win32\rc.write.1.tlog
C:\COCOS2D-X\EPSAMPLECOD\DEBUG.WIN32\ROTATIONGESTURERECOGNIZER.OBJ
C:\COCOS2D-X\EPSAMPLECOD\DEBUG.WIN32\TAPGESTURERECOGNIZER.OBJ
C:\cocos2d-x\EPSampleCod\Debug.win32\vc100.idb
C:\COCOS2D-X\EPSAMPLECOD\DEBUG.WIN32\VC100.PDB
