Build started 12/17/2011 12:55:54 AM.
     1>Project "C:\cocos2d-x\EPlibs\EPSampleCod.win32.vcxproj" on node 2 (build target(s)).
     1>InitializeBuildStatus:
         Creating "Debug.win32\EPSampleCode.win32.unsuccessfulbuild" because "AlwaysCreate" was specified.
       ClCompile:
         All outputs are up-to-date.
         All outputs are up-to-date.
       ResourceCompile:
         All outputs are up-to-date.
       ManifestResourceCompile:
         All outputs are up-to-date.
       Link:
         All outputs are up-to-date.
       Manifest:
         All outputs are up-to-date.
       FinalizeBuildStatus:
         Deleting file "Debug.win32\EPSampleCode.win32.unsuccessfulbuild".
         Touching "Debug.win32\EPSampleCode.win32.lastbuildstate".
     1>Done Building Project "C:\cocos2d-x\EPlibs\EPSampleCod.win32.vcxproj" (build target(s)).

Build succeeded.

Time Elapsed 00:00:00.18
